0 info it worked if it ends with ok
1 verbose cli [ '/home/vagrant/.nvm/versions/node/v0.12.7/bin/node',
1 verbose cli   '/home/vagrant/.nvm/versions/node/v0.12.7/bin/npm',
1 verbose cli   'install',
1 verbose cli   '--save',
1 verbose cli   'socket.io' ]
2 info using npm@2.11.3
3 info using node@v0.12.7
4 verbose install initial load of /var/www/html/package.json
5 verbose installManyTop reading scoped package data from /var/www/html/node_modules/socket.io/package.json
6 info package.json socket.io@1.3.7 No license field.
7 verbose readDependencies loading dependencies from /var/www/html/package.json
8 verbose install socket.io is installed as 1.3.7
9 silly cache add args [ 'socket.io', null ]
10 verbose cache add spec socket.io
11 silly cache add parsed spec { raw: 'socket.io',
11 silly cache add   scope: null,
11 silly cache add   name: 'socket.io',
11 silly cache add   rawSpec: '',
11 silly cache add   spec: '*',
11 silly cache add   type: 'range' }
12 silly addNamed socket.io@*
13 verbose addNamed "*" is a valid semver range for socket.io
14 silly addNameRange { name: 'socket.io', range: '*', hasData: false }
15 silly mapToRegistry name socket.io
16 silly mapToRegistry using default registry
17 silly mapToRegistry registry https://registry.npmjs.org/
18 silly mapToRegistry uri https://registry.npmjs.org/socket.io
19 verbose addNameRange registry:https://registry.npmjs.org/socket.io not in flight; fetching
20 verbose request uri https://registry.npmjs.org/socket.io
21 verbose request no auth needed
22 info attempt registry request try #1 at 11:02:45
23 verbose request id 3b1599cc6778f60f
24 http request GET https://registry.npmjs.org/socket.io
25 http 200 https://registry.npmjs.org/socket.io
26 silly get cb [ 200,
26 silly get   { server: 'CouchDB/1.5.0 (Erlang OTP/R16B03)',
26 silly get     etag: '"AH70UAVZ5ZE779T7EKCHQSGSF"',
26 silly get     'content-type': 'application/json',
26 silly get     'cache-control': 'max-age=60',
26 silly get     'content-length': '115573',
26 silly get     'accept-ranges': 'bytes',
26 silly get     date: 'Wed, 11 Nov 2015 02:02:48 GMT',
26 silly get     via: '1.1 varnish',
26 silly get     age: '52',
26 silly get     connection: 'keep-alive',
26 silly get     'x-served-by': 'cache-lax1423-LAX',
26 silly get     'x-cache': 'HIT',
26 silly get     'x-cache-hits': '1',
26 silly get     'x-timer': 'S1447207368.181569,VS0,VE1',
26 silly get     vary: 'Accept' } ]
27 verbose get saving socket.io to /home/vagrant/.npm/registry.npmjs.org/socket.io/.cache.json
28 verbose getCacheStat cache creation not in flight; initializing
29 silly addNameRange number 2 { name: 'socket.io', range: '*', hasData: true }
30 silly addNameRange versions [ 'socket.io',
30 silly addNameRange   [ '0.3.8',
30 silly addNameRange     '0.4.0',
30 silly addNameRange     '0.4.1',
30 silly addNameRange     '0.5.1',
30 silly addNameRange     '0.5.3',
30 silly addNameRange     '0.6.0',
30 silly addNameRange     '0.6.1',
30 silly addNameRange     '0.6.3',
30 silly addNameRange     '0.6.4',
30 silly addNameRange     '0.6.5',
30 silly addNameRange     '0.6.6',
30 silly addNameRange     '0.6.7',
30 silly addNameRange     '0.6.8',
30 silly addNameRange     '0.6.9',
30 silly addNameRange     '0.6.10',
30 silly addNameRange     '0.6.11',
30 silly addNameRange     '0.6.12',
30 silly addNameRange     '0.6.14',
30 silly addNameRange     '0.6.15',
30 silly addNameRange     '0.6.16',
30 silly addNameRange     '0.6.17',
30 silly addNameRange     '0.6.18',
30 silly addNameRange     '0.7.0',
30 silly addNameRange     '0.7.1',
30 silly addNameRange     '0.7.2',
30 silly addNameRange     '0.7.3',
30 silly addNameRange     '0.7.4',
30 silly addNameRange     '0.7.5',
30 silly addNameRange     '0.7.6',
30 silly addNameRange     '0.7.7',
30 silly addNameRange     '0.7.8',
30 silly addNameRange     '0.7.9',
30 silly addNameRange     '0.7.10',
30 silly addNameRange     '0.7.11',
30 silly addNameRange     '0.8.0',
30 silly addNameRange     '0.8.1',
30 silly addNameRange     '0.8.2',
30 silly addNameRange     '0.8.3',
30 silly addNameRange     '0.8.4',
30 silly addNameRange     '0.8.5',
30 silly addNameRange     '0.8.6',
30 silly addNameRange     '0.8.7',
30 silly addNameRange     '0.9.0',
30 silly addNameRange     '0.9.1',
30 silly addNameRange     '0.9.1-1',
30 silly addNameRange     '0.9.2',
30 silly addNameRange     '0.9.3',
30 silly addNameRange     '0.9.4',
30 silly addNameRange     '0.9.5',
30 silly addNameRange     '0.9.6',
30 silly addNameRange     '0.9.7',
30 silly addNameRange     '0.9.8',
30 silly addNameRange     '0.9.9',
30 silly addNameRange     '0.9.10',
30 silly addNameRange     '0.9.11',
30 silly addNameRange     '0.9.12',
30 silly addNameRange     '0.9.13',
30 silly addNameRange     '0.9.14',
30 silly addNameRange     '0.9.15',
30 silly addNameRange     '0.9.16',
30 silly addNameRange     '1.0.0-pre',
30 silly addNameRange     '1.0.0-pre2',
30 silly addNameRange     '1.0.0-pre3',
30 silly addNameRange     '1.0.0-pre4',
30 silly addNameRange     '1.0.0-pre5',
30 silly addNameRange     '0.9.17',
30 silly addNameRange     '1.0.0',
30 silly addNameRange     '1.0.1',
30 silly addNameRange     '1.0.2',
30 silly addNameRange     '1.0.3',
30 silly addNameRange     '1.0.4',
30 silly addNameRange     '1.0.5',
30 silly addNameRange     '1.0.6',
30 silly addNameRange     '1.1.0',
30 silly addNameRange     '1.2.0',
30 silly addNameRange     '1.2.1',
30 silly addNameRange     '1.3.0',
30 silly addNameRange     '1.3.1',
30 silly addNameRange     '1.3.2',
30 silly addNameRange     '1.3.3',
30 silly addNameRange     '1.3.4',
30 silly addNameRange     '1.3.5',
30 silly addNameRange     '1.3.6',
30 silly addNameRange     '1.3.7' ] ]
31 silly addNamed socket.io@1.3.7
32 verbose addNamed "1.3.7" is a plain semver version for socket.io
33 silly mapToRegistry name socket.io
34 silly mapToRegistry using default registry
35 silly mapToRegistry registry https://registry.npmjs.org/
36 silly mapToRegistry uri https://registry.npmjs.org/socket.io
37 verbose addRemoteTarball https://registry.npmjs.org/socket.io/-/socket.io-1.3.7.tgz not in flight; adding
38 verbose addRemoteTarball [ 'https://registry.npmjs.org/socket.io/-/socket.io-1.3.7.tgz',
38 verbose addRemoteTarball   '93747a29bcab6266f0fbe19112cca5e1388cf7ad' ]
39 info retry fetch attempt 1 at 11:02:49
40 info attempt registry request try #1 at 11:02:49
41 http fetch GET https://registry.npmjs.org/socket.io/-/socket.io-1.3.7.tgz
42 http fetch 200 https://registry.npmjs.org/socket.io/-/socket.io-1.3.7.tgz
43 silly fetchAndShaCheck shasum 93747a29bcab6266f0fbe19112cca5e1388cf7ad
44 verbose addTmpTarball /tmp/npm-3909-cfdd5b82/registry.npmjs.org/socket.io/-/socket.io-1.3.7.tgz not in flight; adding
45 verbose addTmpTarball already have metadata; skipping unpack for socket.io@1.3.7
46 silly cache afterAdd socket.io@1.3.7
47 verbose afterAdd /home/vagrant/.npm/socket.io/1.3.7/package/package.json not in flight; writing
48 verbose afterAdd /home/vagrant/.npm/socket.io/1.3.7/package/package.json written
49 silly install resolved [ { name: 'socket.io',
49 silly install resolved     version: '1.3.7',
49 silly install resolved     description: 'node.js realtime framework server',
49 silly install resolved     keywords:
49 silly install resolved      [ 'realtime',
49 silly install resolved        'framework',
49 silly install resolved        'websocket',
49 silly install resolved        'tcp',
49 silly install resolved        'events',
49 silly install resolved        'socket',
49 silly install resolved        'io' ],
49 silly install resolved     repository:
49 silly install resolved      { type: 'git',
49 silly install resolved        url: 'git://github.com/Automattic/socket.io.git' },
49 silly install resolved     scripts: { test: 'mocha --reporter dot --slow 200ms --bail' },
49 silly install resolved     dependencies:
49 silly install resolved      { 'engine.io': '1.5.4',
49 silly install resolved        'socket.io-parser': '2.2.4',
49 silly install resolved        'socket.io-client': '1.3.7',
49 silly install resolved        'socket.io-adapter': '0.3.1',
49 silly install resolved        'has-binary-data': '0.1.3',
49 silly install resolved        debug: '2.1.0' },
49 silly install resolved     devDependencies:
49 silly install resolved      { mocha: '1.16.2',
49 silly install resolved        'expect.js': '0.3.1',
49 silly install resolved        supertest: '0.8.2',
49 silly install resolved        superagent: '0.17.0',
49 silly install resolved        istanbul: '0.2.3' },
49 silly install resolved     contributors: [ [Object], [Object], [Object], [Object] ],
49 silly install resolved     gitHead: 'e2ebd4349bf27c3839fc9a2700b42cf8390ac3bd',
49 silly install resolved     bugs: { url: 'https://github.com/Automattic/socket.io/issues' },
49 silly install resolved     homepage: 'https://github.com/Automattic/socket.io#readme',
49 silly install resolved     _id: 'socket.io@1.3.7',
49 silly install resolved     _shasum: '93747a29bcab6266f0fbe19112cca5e1388cf7ad',
49 silly install resolved     _from: 'socket.io@*',
49 silly install resolved     _npmVersion: '2.14.2',
49 silly install resolved     _nodeVersion: '4.0.0',
49 silly install resolved     _npmUser: { name: 'rauchg', email: 'rauchg@gmail.com' },
49 silly install resolved     maintainers: [ [Object] ],
49 silly install resolved     dist:
49 silly install resolved      { shasum: '93747a29bcab6266f0fbe19112cca5e1388cf7ad',
49 silly install resolved        tarball: 'http://registry.npmjs.org/socket.io/-/socket.io-1.3.7.tgz' },
49 silly install resolved     directories: {},
49 silly install resolved     _resolved: 'https://registry.npmjs.org/socket.io/-/socket.io-1.3.7.tgz' } ]
50 info install socket.io@1.3.7 into /var/www/html
51 info installOne socket.io@1.3.7
52 verbose installOne of socket.io to /var/www/html not in flight; installing
53 verbose lock using /home/vagrant/.npm/_locks/socket-io-bfade6e58d4459b2.lock for /var/www/html/node_modules/socket.io
54 silly install write writing socket.io 1.3.7 to /var/www/html/node_modules/socket.io
55 verbose unbuild node_modules/socket.io
56 info preuninstall socket.io@1.3.7
57 info uninstall socket.io@1.3.7
58 verbose unbuild rmStuff socket.io@1.3.7 from /var/www/html/node_modules
59 info postuninstall socket.io@1.3.7
60 silly gentlyRm /var/www/html/node_modules/socket.io is being purged from base /var/www/html
61 verbose gentlyRm don't care about contents; nuking /var/www/html/node_modules/socket.io
62 silly vacuum-fs purging /var/www/html/node_modules/socket.io
63 verbose unlock done using /home/vagrant/.npm/_locks/socket-io-bfade6e58d4459b2.lock for /var/www/html/node_modules/socket.io
64 verbose stack Error: EACCES, rmdir '/var/www/html/node_modules/socket.io'
64 verbose stack     at Error (native)
65 verbose cwd /var/www/html
66 error Linux 2.6.32-431.3.1.el6.x86_64
67 error argv "/home/vagrant/.nvm/versions/node/v0.12.7/bin/node" "/home/vagrant/.nvm/versions/node/v0.12.7/bin/npm" "install" "--save" "socket.io"
68 error node v0.12.7
69 error npm  v2.11.3
70 error path /var/www/html/node_modules/socket.io
71 error code EACCES
72 error errno -13
73 error Error: EACCES, rmdir '/var/www/html/node_modules/socket.io'
73 error     at Error (native)
73 error  { [Error: EACCES, rmdir '/var/www/html/node_modules/socket.io']
73 error   errno: -13,
73 error   code: 'EACCES',
73 error   path: '/var/www/html/node_modules/socket.io' }
74 error Please try running this command again as root/Administrator.
75 verbose exit [ -13, true ]
76 verbose unbuild node_modules/socket.io
77 info preuninstall socket.io@1.3.7
78 info uninstall socket.io@1.3.7
79 verbose unbuild rmStuff socket.io@1.3.7 from /var/www/html/node_modules
80 info postuninstall socket.io@1.3.7
81 silly gentlyRm /var/www/html/node_modules/socket.io is being purged from base /var/www/html
82 verbose gentlyRm don't care about contents; nuking /var/www/html/node_modules/socket.io
83 silly vacuum-fs purging /var/www/html/node_modules/socket.io
84 error error rolling back Error: EACCES, rmdir '/var/www/html/node_modules/socket.io'
84 error error rolling back     at Error (native)
84 error error rolling back  { [Error: EACCES, rmdir '/var/www/html/node_modules/socket.io']
84 error error rolling back   errno: -13,
84 error error rolling back   code: 'EACCES',
84 error error rolling back   path: '/var/www/html/node_modules/socket.io' }
